<?xml version="1.0" encoding="UTF-8"?>
<testng-results ignored="0" total="1" passed="1" failed="0" skipped="0">
  <reporter-output>
    <line>
      <![CDATA[database connected]]>
    </line>
    <line>
      <![CDATA[Browser launced]]>
    </line>
    <line>
      <![CDATA[logged in successfully]]>
    </line>
    <line>
      <![CDATA[logged out successfully]]>
    </line>
    <line>
      <![CDATA[Browser closed ]]>
    </line>
    <line>
      <![CDATA[database disconnected]]>
    </line>
  </reporter-output>
  <suite started-at="2023-05-11T10:19:56 IST" name="Default suite" finished-at="2023-05-11T10:20:23 IST" duration-ms="27313">
    <groups>
    </groups>
    <test started-at="2023-05-11T10:19:56 IST" name="Default test" finished-at="2023-05-11T10:20:23 IST" duration-ms="27313">
      <class name="com.ActiTime.TestScripts.Task">
        <test-method is-config="true" signature="databaseconnection()[pri:0, instance:com.ActiTime.TestScripts.Task@383bfa16]" started-at="2023-05-11T10:19:56 IST" name="databaseconnection" finished-at="2023-05-11T10:19:56 IST" duration-ms="7" status="PASS">
          <reporter-output>
            <line>
              <![CDATA[database connected]]>
            </line>
          </reporter-output>
        </test-method> <!-- databaseconnection -->
        <test-method is-config="true" signature="launchbrowser()[pri:0, instance:com.ActiTime.TestScripts.Task@383bfa16]" started-at="2023-05-11T10:19:56 IST" name="launchbrowser" finished-at="2023-05-11T10:20:12 IST" duration-ms="15865" status="PASS">
          <reporter-output>
            <line>
              <![CDATA[Browser launced]]>
            </line>
          </reporter-output>
        </test-method> <!-- launchbrowser -->
        <test-method is-config="true" signature="login()[pri:0, instance:com.ActiTime.TestScripts.Task@383bfa16]" started-at="2023-05-11T10:20:12 IST" name="login" finished-at="2023-05-11T10:20:12 IST" duration-ms="266" status="PASS">
          <reporter-output>
            <line>
              <![CDATA[logged in successfully]]>
            </line>
          </reporter-output>
        </test-method> <!-- login -->
        <test-method signature="createCustomer()[pri:0, instance:com.ActiTime.TestScripts.Task@383bfa16]" started-at="2023-05-11T10:20:12 IST" name="createCustomer" finished-at="2023-05-11T10:20:23 IST" duration-ms="10926" status="PASS">
          <reporter-output>
          </reporter-output>
        </test-method> <!-- createCustomer -->
        <test-method is-config="true" signature="logout()[pri:0, instance:com.ActiTime.TestScripts.Task@383bfa16]" started-at="2023-05-11T10:20:23 IST" name="logout" finished-at="2023-05-11T10:20:23 IST" duration-ms="0" status="PASS">
          <reporter-output>
            <line>
              <![CDATA[logged out successfully]]>
            </line>
          </reporter-output>
        </test-method> <!-- logout -->
        <test-method is-config="true" signature="closebrowser()[pri:0, instance:com.ActiTime.TestScripts.Task@383bfa16]" started-at="2023-05-11T10:20:23 IST" name="closebrowser" finished-at="2023-05-11T10:20:23 IST" duration-ms="224" status="PASS">
          <reporter-output>
            <line>
              <![CDATA[Browser closed ]]>
            </line>
          </reporter-output>
        </test-method> <!-- closebrowser -->
        <test-method is-config="true" signature="databasedisconnection()[pri:0, instance:com.ActiTime.TestScripts.Task@383bfa16]" started-at="2023-05-11T10:20:23 IST" name="databasedisconnection" finished-at="2023-05-11T10:20:23 IST" duration-ms="4" status="PASS">
          <reporter-output>
            <line>
              <![CDATA[database disconnected]]>
            </line>
          </reporter-output>
        </test-method> <!-- databasedisconnection -->
      </class> <!-- com.ActiTime.TestScripts.Task -->
    </test> <!-- Default test -->
  </suite> <!-- Default suite -->
</testng-results>
